c:\repos\pgr sourcetree\opengl.superbible.6th.example.codes\build\vs2010\win32raw_debug\win32raw.obj
c:\repos\pgr sourcetree\opengl.superbible.6th.example.codes\build\vs2010\win32raw_debug\vc110.pdb
c:\repos\pgr sourcetree\opengl.superbible.6th.example.codes\bin\win32raw_dbg.ilk
c:\repos\pgr sourcetree\opengl.superbible.6th.example.codes\bin\win32raw_dbg.exe
c:\repos\pgr sourcetree\opengl.superbible.6th.example.codes\bin\win32raw_dbg.pdb
c:\users\mlaboszc\documents\visual studio 2013\projects\pgrsuperbible6\opengl.superbible.6th.example.codes\build\vs2010\win32raw_debug\vc120.pdb
c:\users\mlaboszc\documents\visual studio 2013\projects\pgrsuperbible6\opengl.superbible.6th.example.codes\build\vs2010\win32raw_debug\vc120.idb
c:\users\mlaboszc\documents\visual studio 2013\projects\pgrsuperbible6\opengl.superbible.6th.example.codes\build\vs2010\win32raw_debug\win32raw.obj
c:\users\mlaboszc\documents\visual studio 2013\projects\pgrsuperbible6\opengl.superbible.6th.example.codes\bin\win32raw_dbg.ilk
c:\users\mlaboszc\documents\visual studio 2013\projects\pgrsuperbible6\opengl.superbible.6th.example.codes\bin\win32raw_dbg.exe
c:\users\mlaboszc\documents\visual studio 2013\projects\pgrsuperbible6\opengl.superbible.6th.example.codes\bin\win32raw_dbg.pdb
c:\users\mlaboszc\documents\visual studio 2013\projects\pgrsuperbible6\opengl.superbible.6th.example.codes\build\vs2010\win32raw_debug\cl.command.1.tlog
c:\users\mlaboszc\documents\visual studio 2013\projects\pgrsuperbible6\opengl.superbible.6th.example.codes\build\vs2010\win32raw_debug\cl.read.1.tlog
c:\users\mlaboszc\documents\visual studio 2013\projects\pgrsuperbible6\opengl.superbible.6th.example.codes\build\vs2010\win32raw_debug\cl.write.1.tlog
c:\users\mlaboszc\documents\visual studio 2013\projects\pgrsuperbible6\opengl.superbible.6th.example.codes\build\vs2010\win32raw_debug\link-cvtres.read.1.tlog
c:\users\mlaboszc\documents\visual studio 2013\projects\pgrsuperbible6\opengl.superbible.6th.example.codes\build\vs2010\win32raw_debug\link-cvtres.write.1.tlog
c:\users\mlaboszc\documents\visual studio 2013\projects\pgrsuperbible6\opengl.superbible.6th.example.codes\build\vs2010\win32raw_debug\link-rc.read.1.tlog
c:\users\mlaboszc\documents\visual studio 2013\projects\pgrsuperbible6\opengl.superbible.6th.example.codes\build\vs2010\win32raw_debug\link-rc.write.1.tlog
c:\users\mlaboszc\documents\visual studio 2013\projects\pgrsuperbible6\opengl.superbible.6th.example.codes\build\vs2010\win32raw_debug\link.command.1.tlog
c:\users\mlaboszc\documents\visual studio 2013\projects\pgrsuperbible6\opengl.superbible.6th.example.codes\build\vs2010\win32raw_debug\link.read.1.tlog
c:\users\mlaboszc\documents\visual studio 2013\projects\pgrsuperbible6\opengl.superbible.6th.example.codes\build\vs2010\win32raw_debug\link.write.1.tlog
c:\users\mlaboszc\documents\visual studio 2013\projects\pgrsuperbible6\opengl.superbible.6th.example.codes\build\vs2010\win32raw_debug\vc110.idb
c:\users\mlaboszc\documents\visual studio 2013\projects\pgrsuperbible6\opengl.superbible.6th.example.codes\build\vs2010\win32raw_debug\win32raw.tlog\cl.command.1.tlog
c:\users\mlaboszc\documents\visual studio 2013\projects\pgrsuperbible6\opengl.superbible.6th.example.codes\build\vs2010\win32raw_debug\win32raw.tlog\cl.read.1.tlog
c:\users\mlaboszc\documents\visual studio 2013\projects\pgrsuperbible6\opengl.superbible.6th.example.codes\build\vs2010\win32raw_debug\win32raw.tlog\cl.write.1.tlog
c:\users\mlaboszc\documents\visual studio 2013\projects\pgrsuperbible6\opengl.superbible.6th.example.codes\build\vs2010\win32raw_debug\win32raw.tlog\link.command.1.tlog
c:\users\mlaboszc\documents\visual studio 2013\projects\pgrsuperbible6\opengl.superbible.6th.example.codes\build\vs2010\win32raw_debug\win32raw.tlog\link.read.1.tlog
c:\users\mlaboszc\documents\visual studio 2013\projects\pgrsuperbible6\opengl.superbible.6th.example.codes\build\vs2010\win32raw_debug\win32raw.tlog\link.write.1.tlog
