c:\repos\pgr sourcetree\opengl.superbible.6th.example.codes\src\sb6\debug\gl3w.obj
c:\repos\pgr sourcetree\opengl.superbible.6th.example.codes\src\sb6\debug\vc110.pdb
c:\repos\pgr sourcetree\opengl.superbible.6th.example.codes\src\sb6\debug\sb6.obj
c:\repos\pgr sourcetree\opengl.superbible.6th.example.codes\src\sb6\debug\sb6ktx.obj
c:\repos\pgr sourcetree\opengl.superbible.6th.example.codes\src\sb6\debug\sb6object.obj
c:\repos\pgr sourcetree\opengl.superbible.6th.example.codes\src\sb6\debug\sb6shader.obj
c:\repos\pgr sourcetree\opengl.superbible.6th.example.codes\lib\sb6_d32.lib
c:\users\mlaboszc\documents\visual studio 2013\projects\pgrsuperbible6\opengl.superbible.6th.example.codes\src\sb6\debug\vc120.pdb
c:\users\mlaboszc\documents\visual studio 2013\projects\pgrsuperbible6\opengl.superbible.6th.example.codes\src\sb6\debug\vc120.idb
c:\users\mlaboszc\documents\visual studio 2013\projects\pgrsuperbible6\opengl.superbible.6th.example.codes\src\sb6\debug\gl3w.obj
c:\users\mlaboszc\documents\visual studio 2013\projects\pgrsuperbible6\opengl.superbible.6th.example.codes\src\sb6\debug\sb6.obj
c:\users\mlaboszc\documents\visual studio 2013\projects\pgrsuperbible6\opengl.superbible.6th.example.codes\src\sb6\debug\sb6ktx.obj
c:\users\mlaboszc\documents\visual studio 2013\projects\pgrsuperbible6\opengl.superbible.6th.example.codes\src\sb6\debug\sb6object.obj
c:\users\mlaboszc\documents\visual studio 2013\projects\pgrsuperbible6\opengl.superbible.6th.example.codes\src\sb6\debug\sb6shader.obj
c:\users\mlaboszc\documents\visual studio 2013\projects\pgrsuperbible6\opengl.superbible.6th.example.codes\src\sb6\debug\button.obj
c:\users\mlaboszc\documents\visual studio 2013\projects\pgrsuperbible6\opengl.superbible.6th.example.codes\lib\sb6_d32.lib
c:\users\mlaboszc\documents\visual studio 2013\projects\pgrsuperbible6\opengl.superbible.6th.example.codes\src\sb6\debug\cl.command.1.tlog
c:\users\mlaboszc\documents\visual studio 2013\projects\pgrsuperbible6\opengl.superbible.6th.example.codes\src\sb6\debug\cl.read.1.tlog
c:\users\mlaboszc\documents\visual studio 2013\projects\pgrsuperbible6\opengl.superbible.6th.example.codes\src\sb6\debug\cl.write.1.tlog
c:\users\mlaboszc\documents\visual studio 2013\projects\pgrsuperbible6\opengl.superbible.6th.example.codes\src\sb6\debug\lib-link.read.1.tlog
c:\users\mlaboszc\documents\visual studio 2013\projects\pgrsuperbible6\opengl.superbible.6th.example.codes\src\sb6\debug\lib-link.write.1.tlog
c:\users\mlaboszc\documents\visual studio 2013\projects\pgrsuperbible6\opengl.superbible.6th.example.codes\src\sb6\debug\lib.command.1.tlog
c:\users\mlaboszc\documents\visual studio 2013\projects\pgrsuperbible6\opengl.superbible.6th.example.codes\src\sb6\debug\vc110.idb
c:\users\mlaboszc\documents\visual studio 2013\projects\pgrsuperbible6\opengl.superbible.6th.example.codes\src\sb6\debug\sb6.tlog\cl.command.1.tlog
c:\users\mlaboszc\documents\visual studio 2013\projects\pgrsuperbible6\opengl.superbible.6th.example.codes\src\sb6\debug\sb6.tlog\cl.read.1.tlog
c:\users\mlaboszc\documents\visual studio 2013\projects\pgrsuperbible6\opengl.superbible.6th.example.codes\src\sb6\debug\sb6.tlog\cl.write.1.tlog
c:\users\mlaboszc\documents\visual studio 2013\projects\pgrsuperbible6\opengl.superbible.6th.example.codes\src\sb6\debug\sb6.tlog\lib-link.read.1.tlog
c:\users\mlaboszc\documents\visual studio 2013\projects\pgrsuperbible6\opengl.superbible.6th.example.codes\src\sb6\debug\sb6.tlog\lib-link.write.1.tlog
c:\users\mlaboszc\documents\visual studio 2013\projects\pgrsuperbible6\opengl.superbible.6th.example.codes\src\sb6\debug\sb6.tlog\lib.command.1.tlog
