Build started 10/20/2014 7:27:18 PM.
     1>Project "C:\Users\mlaboszc\Documents\Visual Studio 2013\Projects\pgrSuperBible6\opengl.superbible.6th.example.codes\build\vs2010\alienrain.vcxproj" on node 2 (Build target(s)).
     1>ClCompile:
         C:\Program Files (x86)\Microsoft Visual Studio 12.0\VC\bin\CL.exe /c /ZI /nologo /W3 /WX- /Od /Oy- /D WIN32 /D _DEBUG /D _WINDOWS /D _UNICODE /D UNICODE /Gm /EHsc /RTC1 /MDd /GS /fp:precise /Zc:wchar_t /Zc:forScope /Fo"startup_Debug\\" /Fd"startup_Debug\vc120.pdb" /Gd /TP /analyze- /errorReport:prompt ..\..\src\alienrain\startup.cpp ..\..\src\alienrain\tinyxml2.cpp
         tinyxml2.cpp
         startup.cpp
     1>c:\users\mlaboszc\documents\visual studio 2013\projects\pgrsuperbible6\opengl.superbible.6th.example.codes\include\sb6.h(31): warning C4005: '_CRT_SECURE_NO_WARNINGS' : macro redefinition
                 c:\users\mlaboszc\documents\visual studio 2013\projects\pgrsuperbible6\opengl.superbible.6th.example.codes\src\alienrain\startup.h(5) : see previous definition of '_CRT_SECURE_NO_WARNINGS'
     1>c:\users\mlaboszc\documents\visual studio 2013\projects\pgrsuperbible6\opengl.superbible.6th.example.codes\include\sb6.h(33): warning C4005: 'WIN32_LEAN_AND_MEAN' : macro redefinition
                 c:\users\mlaboszc\documents\visual studio 2013\projects\pgrsuperbible6\opengl.superbible.6th.example.codes\src\alienrain\startup.h(17) : see previous definition of 'WIN32_LEAN_AND_MEAN'
         Generating Code...
       Link:
         C:\Program Files (x86)\Microsoft Visual Studio 12.0\VC\bin\link.exe /ERRORREPORT:PROMPT /OUT:"C:\Users\mlaboszc\Documents\Visual Studio 2013\Projects\pgrSuperBible6\opengl.superbible.6th.example.codes\bin\startup_dbg.exe" /INCREMENTAL /NOLOGO kernel32.lib user32.lib gdi32.lib winspool.lib comdlg32.lib advapi32.lib shell32.lib ole32.lib oleaut32.lib uuid.lib odbc32.lib odbccp32.lib /MANIFEST /MANIFESTUAC:"level='asInvoker' uiAccess='false'" /manifest:embed /DEBUG /PDB:"C:\Users\mlaboszc\Documents\Visual Studio 2013\Projects\pgrSuperBible6\opengl.superbible.6th.example.codes\bin\startup_dbg.pdb" /SUBSYSTEM:WINDOWS /TLBID:1 /DYNAMICBASE /NXCOMPAT /IMPLIB:"C:\Users\mlaboszc\Documents\Visual Studio 2013\Projects\pgrSuperBible6\opengl.superbible.6th.example.codes\bin\startup_dbg.lib" /MACHINE:X86 startup_Debug\startup.obj
         startup_Debug\tinyxml2.obj
     1>GLFW_d32.lib(enable.obj) : warning LNK4099: PDB 'vc100.pdb' was not found with 'GLFW_d32.lib(enable.obj)' or at 'C:\Users\mlaboszc\Documents\Visual Studio 2013\Projects\pgrSuperBible6\opengl.superbible.6th.example.codes\bin\vc100.pdb'; linking object as if no debug info
     1>GLFW_d32.lib(fullscreen.obj) : warning LNK4099: PDB 'vc100.pdb' was not found with 'GLFW_d32.lib(fullscreen.obj)' or at 'C:\Users\mlaboszc\Documents\Visual Studio 2013\Projects\pgrSuperBible6\opengl.superbible.6th.example.codes\bin\vc100.pdb'; linking object as if no debug info
     1>GLFW_d32.lib(glext.obj) : warning LNK4099: PDB 'vc100.pdb' was not found with 'GLFW_d32.lib(glext.obj)' or at 'C:\Users\mlaboszc\Documents\Visual Studio 2013\Projects\pgrSuperBible6\opengl.superbible.6th.example.codes\bin\vc100.pdb'; linking object as if no debug info
     1>GLFW_d32.lib(init.obj) : warning LNK4099: PDB 'vc100.pdb' was not found with 'GLFW_d32.lib(init.obj)' or at 'C:\Users\mlaboszc\Documents\Visual Studio 2013\Projects\pgrSuperBible6\opengl.superbible.6th.example.codes\bin\vc100.pdb'; linking object as if no debug info
     1>GLFW_d32.lib(input.obj) : warning LNK4099: PDB 'vc100.pdb' was not found with 'GLFW_d32.lib(input.obj)' or at 'C:\Users\mlaboszc\Documents\Visual Studio 2013\Projects\pgrSuperBible6\opengl.superbible.6th.example.codes\bin\vc100.pdb'; linking object as if no debug info
     1>GLFW_d32.lib(time.obj) : warning LNK4099: PDB 'vc100.pdb' was not found with 'GLFW_d32.lib(time.obj)' or at 'C:\Users\mlaboszc\Documents\Visual Studio 2013\Projects\pgrSuperBible6\opengl.superbible.6th.example.codes\bin\vc100.pdb'; linking object as if no debug info
     1>GLFW_d32.lib(win32_enable.obj) : warning LNK4099: PDB 'vc100.pdb' was not found with 'GLFW_d32.lib(win32_enable.obj)' or at 'C:\Users\mlaboszc\Documents\Visual Studio 2013\Projects\pgrSuperBible6\opengl.superbible.6th.example.codes\bin\vc100.pdb'; linking object as if no debug info
     1>GLFW_d32.lib(win32_fullscreen.obj) : warning LNK4099: PDB 'vc100.pdb' was not found with 'GLFW_d32.lib(win32_fullscreen.obj)' or at 'C:\Users\mlaboszc\Documents\Visual Studio 2013\Projects\pgrSuperBible6\opengl.superbible.6th.example.codes\bin\vc100.pdb'; linking object as if no debug info
     1>GLFW_d32.lib(win32_glext.obj) : warning LNK4099: PDB 'vc100.pdb' was not found with 'GLFW_d32.lib(win32_glext.obj)' or at 'C:\Users\mlaboszc\Documents\Visual Studio 2013\Projects\pgrSuperBible6\opengl.superbible.6th.example.codes\bin\vc100.pdb'; linking object as if no debug info
     1>GLFW_d32.lib(win32_init.obj) : warning LNK4099: PDB 'vc100.pdb' was not found with 'GLFW_d32.lib(win32_init.obj)' or at 'C:\Users\mlaboszc\Documents\Visual Studio 2013\Projects\pgrSuperBible6\opengl.superbible.6th.example.codes\bin\vc100.pdb'; linking object as if no debug info
     1>GLFW_d32.lib(win32_time.obj) : warning LNK4099: PDB 'vc100.pdb' was not found with 'GLFW_d32.lib(win32_time.obj)' or at 'C:\Users\mlaboszc\Documents\Visual Studio 2013\Projects\pgrSuperBible6\opengl.superbible.6th.example.codes\bin\vc100.pdb'; linking object as if no debug info
     1>GLFW_d32.lib(win32_window.obj) : warning LNK4099: PDB 'vc100.pdb' was not found with 'GLFW_d32.lib(win32_window.obj)' or at 'C:\Users\mlaboszc\Documents\Visual Studio 2013\Projects\pgrSuperBible6\opengl.superbible.6th.example.codes\bin\vc100.pdb'; linking object as if no debug info
     1>GLFW_d32.lib(window.obj) : warning LNK4099: PDB 'vc100.pdb' was not found with 'GLFW_d32.lib(window.obj)' or at 'C:\Users\mlaboszc\Documents\Visual Studio 2013\Projects\pgrSuperBible6\opengl.superbible.6th.example.codes\bin\vc100.pdb'; linking object as if no debug info
         alienrain.vcxproj -> C:\Users\mlaboszc\Documents\Visual Studio 2013\Projects\pgrSuperBible6\opengl.superbible.6th.example.codes\bin\startup_dbg.exe
     1>Done Building Project "C:\Users\mlaboszc\Documents\Visual Studio 2013\Projects\pgrSuperBible6\opengl.superbible.6th.example.codes\build\vs2010\alienrain.vcxproj" (Build target(s)).

Build succeeded.

Time Elapsed 00:00:02.18
